Loading intel-compilers-19/19.0.0.117
  Loading requirement: intel-license gcc/8.2.0 intel-cc-19/19.0.0.117
    intel-fc-19/19.0.0.117

 Performance counter stats for './MD':

   221,040,025,047      cycles                                                      
   307,201,932,377      instructions              #    1.39  insn per cycle         
     5,097,186,024      cache-misses                                                
    44,205,704,885      branches                                                    
         6,419,369      branch-misses             #    0.01% of all branches        
               362      page-faults                                                 

      73.636797869 seconds time elapsed

      73.287047000 seconds user
       0.091741000 seconds sys



 Performance counter stats for './MD':

   225,991,048,189      cycles                                                      
   307,207,625,001      instructions              #    1.36  insn per cycle         
     5,035,405,518      cache-misses                                                
    44,206,706,606      branches                                                    
         6,405,873      branch-misses             #    0.01% of all branches        
             1,249      page-faults                                                 

      74.348604295 seconds time elapsed

      74.045805000 seconds user
       0.080720000 seconds sys



 Performance counter stats for './MD':

   225,007,214,297      cycles                                                      
   307,172,672,312      instructions              #    1.37  insn per cycle         
     5,006,544,566      cache-misses                                                
    44,200,577,507      branches                                                    
         6,305,292      branch-misses             #    0.01% of all branches        
               490      page-faults                                                 

      68.259443786 seconds time elapsed

      67.915691000 seconds user
       0.064792000 seconds sys



 Performance counter stats for './MD':

   242,098,119,227      cycles                                                      
   307,194,602,012      instructions              #    1.27  insn per cycle         
     5,148,053,044      cache-misses                                                
    44,204,325,019      branches                                                    
         6,358,473      branch-misses             #    0.01% of all branches        
               483      page-faults                                                 

      73.416556331 seconds time elapsed

      73.070594000 seconds user
       0.072727000 seconds sys



 Performance counter stats for './MD':

   222,872,153,797      cycles                                                      
   307,170,934,499      instructions              #    1.38  insn per cycle         
     5,095,641,558      cache-misses                                                
    44,200,267,420      branches                                                    
         6,214,797      branch-misses             #    0.01% of all branches        
               730      page-faults                                                 

      67.603437412 seconds time elapsed

      67.268370000 seconds user
       0.078723000 seconds sys


