Loading intel-compilers-19/19.0.0.117
  Loading requirement: intel-license gcc/8.2.0 intel-cc-19/19.0.0.117
    intel-fc-19/19.0.0.117

 Performance counter stats for './MD':

   174,364,465,869      cycles                                                      
   290,360,455,324      instructions              #    1.67  insn per cycle         
     4,194,018,444      cache-misses                                                
    39,999,377,070      branches                                                    
         6,080,318      branch-misses             #    0.02% of all branches        
               602      page-faults                                                 

      57.424775486 seconds time elapsed

      57.189592000 seconds user
       0.077783000 seconds sys



 Performance counter stats for './MD':

   175,926,990,788      cycles                                                      
   290,376,374,690      instructions              #    1.65  insn per cycle         
     4,157,716,204      cache-misses                                                
    40,002,780,451      branches                                                    
         6,184,436      branch-misses             #    0.02% of all branches        
             1,324      page-faults                                                 

      57.885163111 seconds time elapsed

      57.603965000 seconds user
       0.108706000 seconds sys



 Performance counter stats for './MD':

   174,152,775,352      cycles                                                      
   290,366,239,533      instructions              #    1.67  insn per cycle         
     4,193,794,119      cache-misses                                                
    40,000,509,587      branches                                                    
         6,154,126      branch-misses             #    0.02% of all branches        
             1,037      page-faults                                                 

      57.923361687 seconds time elapsed

      57.696435000 seconds user
       0.079727000 seconds sys



 Performance counter stats for './MD':

   178,128,383,983      cycles                                                      
   290,373,503,698      instructions              #    1.63  insn per cycle         
     4,109,758,513      cache-misses                                                
    40,001,781,835      branches                                                    
         6,161,543      branch-misses             #    0.02% of all branches        
             1,136      page-faults                                                 

      59.223913014 seconds time elapsed

      58.988652000 seconds user
       0.076800000 seconds sys



 Performance counter stats for './MD':

   178,828,282,735      cycles                                                      
   290,371,615,716      instructions              #    1.62  insn per cycle         
     4,109,892,107      cache-misses                                                
    40,001,404,057      branches                                                    
         6,162,378      branch-misses             #    0.02% of all branches        
               586      page-faults                                                 

      59.560901931 seconds time elapsed

      59.319279000 seconds user
       0.080763000 seconds sys


